1/25/2021 8:55:51 PM	This log contains information about the import schema operation into project 'Ecommerce.Database' on computer 'DESKTOP-0MLUGII' by user 'svall'.
1/25/2021 8:55:52 PM	Import of database schema has started.
1/25/2021 8:55:52 PM	Gathering database credentials
1/25/2021 8:55:52 PM	Gathering database options
1/25/2021 8:55:52 PM	Gathering users
1/25/2021 8:55:52 PM	Gathering roles
1/25/2021 8:55:52 PM	Gathering application roles
1/25/2021 8:55:52 PM	Gathering role memberships
1/25/2021 8:55:52 PM	Gathering filegroups
1/25/2021 8:55:52 PM	Gathering full-text catalogs
1/25/2021 8:55:52 PM	Gathering assemblies
1/25/2021 8:55:52 PM	Gathering certificates
1/25/2021 8:55:52 PM	Gathering asymmetric keys
1/25/2021 8:55:52 PM	Gathering symmetric keys
1/25/2021 8:55:52 PM	Gathering encrypted symmetric keys
1/25/2021 8:55:52 PM	Gathering schemas
1/25/2021 8:55:52 PM	Gathering XML schema collections
1/25/2021 8:55:52 PM	Gathering user-defined data types
1/25/2021 8:55:52 PM	Gathering user-defined types
1/25/2021 8:55:52 PM	Gathering table types
1/25/2021 8:55:52 PM	Gathering unique keys for table types
1/25/2021 8:55:52 PM	Gathering primary keys for table types
1/25/2021 8:55:52 PM	Gathering indexes for table types
1/25/2021 8:55:52 PM	Gathering check constraints for table types
1/25/2021 8:55:52 PM	Gathering default constraints for table types
1/25/2021 8:55:52 PM	Gathering partition functions
1/25/2021 8:55:52 PM	Gathering partition schemes
1/25/2021 8:55:52 PM	Gathering functions
1/25/2021 8:55:52 PM	Gathering encrypted functions
1/25/2021 8:55:52 PM	Gathering aggregates
1/25/2021 8:55:52 PM	Gathering procedures
1/25/2021 8:55:52 PM	Gathering encrypted procedures
1/25/2021 8:55:52 PM	Gathering tables
1/25/2021 8:55:52 PM	Gathering primary keys
1/25/2021 8:55:52 PM	Gathering unique constraints
1/25/2021 8:55:52 PM	Gathering foreign keys
1/25/2021 8:55:52 PM	Gathering default constraints
1/25/2021 8:55:52 PM	Gathering check constraints
1/25/2021 8:55:52 PM	Gathering views
1/25/2021 8:55:52 PM	Gathering encrypted views
1/25/2021 8:55:52 PM	Gathering indexes
1/25/2021 8:55:52 PM	Gathering statistics
1/25/2021 8:55:52 PM	Gathering full-text index stoplists
1/25/2021 8:55:52 PM	Gathering search property lists
1/25/2021 8:55:52 PM	Gathering search properties
1/25/2021 8:55:52 PM	Gathering full-text indexes
1/25/2021 8:55:52 PM	Gathering column store indexes
1/25/2021 8:55:52 PM	Gathering spatial indexes
1/25/2021 8:55:52 PM	Gathering XML indexes
1/25/2021 8:55:52 PM	Gathering Selective XML indexes
1/25/2021 8:55:52 PM	Gathering encrypted triggers
1/25/2021 8:55:52 PM	Gathering triggers
1/25/2021 8:55:52 PM	Gathering encrypted and clr ddl triggers
1/25/2021 8:55:52 PM	Gathering ddl triggers
1/25/2021 8:55:52 PM	Gathering synonyms
1/25/2021 8:55:52 PM	Gathering defaults
1/25/2021 8:55:52 PM	Gathering data constraint uddt bindings
1/25/2021 8:55:52 PM	Gathering rules
1/25/2021 8:55:52 PM	Gathering data constraint uddt bindings
1/25/2021 8:55:52 PM	Gathering message types
1/25/2021 8:55:52 PM	Gathering queues
1/25/2021 8:55:52 PM	Gathering contracts
1/25/2021 8:55:52 PM	Gathering services
1/25/2021 8:55:52 PM	Gathering event notifications
1/25/2021 8:55:52 PM	Gathering remote service bindings
1/25/2021 8:55:52 PM	Gathering broker priorities
1/25/2021 8:55:52 PM	Gathering signatures
1/25/2021 8:55:52 PM	Gathering data compression options
1/25/2021 8:55:52 PM	Gathering sequence types
1/25/2021 8:55:52 PM	Gathering security policies
1/25/2021 8:55:52 PM	Gather column encryption keys
1/25/2021 8:55:52 PM	Gathering column master keys
1/25/2021 8:55:52 PM	Gathering external data sources
1/25/2021 8:55:52 PM	Gathering external file formats
1/25/2021 8:55:52 PM	Gathering external tables
1/25/2021 8:55:52 PM	Gathering extended properties
1/25/2021 8:55:52 PM	Gathering credentials
1/25/2021 8:55:52 PM	Gathering logins
1/25/2021 8:55:52 PM	Gathering server audits
1/25/2021 8:55:53 PM	Scanning project for duplicate elements
1/25/2021 8:55:53 PM	Finished duplicate element processing
1/25/2021 8:55:53 PM	Finished importing database.
1/25/2021 8:55:53 PM	A summary of the import was saved to the following location: C:\Users\svall\Source\repos\Ecommerce\Ecommerce.Database\Import Schema Logs\Ecommerce.Database_20210126025551.log
1/25/2021 8:55:53 PM	Click Finish to continue...
